app/build/outputs/logs/manifest-merger-debug-report.txt
-- Merging decision tree log ---
manifest
ADDED from SnowBoyLyon_Git/app/AndroidManifest.xml:2:1-19:12
	package
		ADDED from SnowBoyLyon_Git/app/AndroidManifest.xml:3:5-35
		INJECTED from SnowBoyLyon_Git/app/AndroidManifest.xml
		INJECTED from SnowBoyLyon_Git/app/AndroidManifest.xml
	xmlns:android
		ADDED from SnowBoyLyon_Git/app/AndroidManifest.xml:2:11-69
application
ADDED from SnowBoyLyon_Git/app/AndroidManifest.xml:4:5-13:19
	android:label
		ADDED from SnowBoyLyon_Git/app/AndroidManifest.xml:4:18-50
	android:icon
		ADDED from SnowBoyLyon_Git/app/AndroidManifest.xml:4:51-85
activity#ai.kitt.snowboy.Demo
ADDED from SnowBoyLyon_Git/app/AndroidManifest.xml:5:9-12:20
	android:label
		ADDED from SnowBoyLyon_Git/app/AndroidManifest.xml:7:19-51
	android:windowSoftInputMode
		ADDED from SnowBoyLyon_Git/app/AndroidManifest.xml:6:16-57
	android:name
		ADDED from SnowBoyLyon_Git/app/AndroidManifest.xml:5:19-54
intent-filter#android.intent.action.MAIN+android.intent.category.LAUNCHER
ADDED from SnowBoyLyon_Git/app/AndroidManifest.xml:8:13-11:29
action#android.intent.action.MAIN
ADDED from SnowBoyLyon_Git/app/AndroidManifest.xml:9:17-69
	android:name
		ADDED from SnowBoyLyon_Git/app/AndroidManifest.xml:9:25-66
category#android.intent.category.LAUNCHER
ADDED from SnowBoyLyon_Git/app/AndroidManifest.xml:10:17-77
	android:name
		ADDED from SnowBoyLyon_Git/app/AndroidManifest.xml:10:27-74
uses-sdk
ADDED from SnowBoyLyon_Git/app/AndroidManifest.xml:14:5-43
	android:minSdkVersion
		ADDED from SnowBoyLyon_Git/app/AndroidManifest.xml:14:15-40
uses-permission#android.permission.ACCESS_WIFI_STATE
ADDED from SnowBoyLyon_Git/app/AndroidManifest.xml:15:1-88
	android:name
		ADDED from SnowBoyLyon_Git/app/AndroidManifest.xml:15:18-69
uses-permission#android.permission.RECORD_AUDIO
ADDED from SnowBoyLyon_Git/app/AndroidManifest.xml:16:1-83
	android:name
		ADDED from SnowBoyLyon_Git/app/AndroidManifest.xml:16:18-64
uses-permission#android.permission.INTERNET
ADDED from SnowBoyLyon_Git/app/AndroidManifest.xml:17:1-79
	android:name
		ADDED from SnowBoyLyon_Git/app/AndroidManifest.xml:17:18-60
uses-permission#android.permission.WRITE_EXTERNAL_STORAGE
ADDED from SnowBoyLyon_Git/app/AndroidManifest.xml:18:1-76
	android:name
		ADDED from SnowBoyLyon_Git/app/AndroidManifest.xml:18:18-74